<?xml version="1.0" encoding="UTF-8"?>
<!-- Generated by org.testng.reporters.JUnitReportReporter -->
<testsuite skipped="0" hostname="My-Pc" name="prac.DroidProject.Test1" tests="1" failures="0" timestamp="09 Aug 2020 10:31:12 GMT" time="8.646" errors="0">
  <testcase name="TestCase" time="8.646" classname="prac.DroidProject.Test1"/>
</testsuite> <!-- prac.DroidProject.Test1 -->
