<?xml version="1.0" encoding="UTF-8"?>
<!-- Generated by org.testng.reporters.JUnitReportReporter -->
<testsuite skipped="0" hostname="My-Pc" name="prac.DroidProject.TransactTest" tests="1" failures="0" timestamp="10 Aug 2020 15:17:29 GMT" time="9.729" errors="0">
  <testcase name="TestCase" time="9.729" classname="prac.DroidProject.TransactTest"/>
</testsuite> <!-- prac.DroidProject.TransactTest -->
